[P2PNET:nickserv] -NickServ- This nick is owned by someone else.  Please choose another.
[P2PNET:nickserv] -NickServ- (If this is your nick, type /msg NickServ IDENTIFY password.)
[P2PNET:nickserv] -NickServ- If you do not change within 1 minute, I will change your nick.
[P2PNET:nickserv] -NickServ- Password accepted - you are now recognized.
[P2PNET:nickserv] -!- mode/nickserv [:+r] by NickServ
[P2PNET:nickserv] -NickServ- This nick is owned by someone else.  Please choose another.
[P2PNET:nickserv] -NickServ- (If this is your nick, type /msg NickServ IDENTIFY password.)
[P2PNET:nickserv] -NickServ- If you do not change within 1 minute, I will change your nick.
[P2PNET:nickserv] -NickServ- Password accepted - you are now recognized.
[P2PNET:nickserv] -!- mode/nickserv [:+r] by NickServ
[P2PNET:nickserv] -NickServ- This nick is owned by someone else.  Please choose another.
[P2PNET:nickserv] -NickServ- (If this is your nick, type /msg NickServ IDENTIFY password.)
[P2PNET:nickserv] -NickServ- If you do not change within 1 minute, I will change your nick.
[P2PNET:nickserv] -NickServ- Password accepted - you are now recognized.
[P2PNET:nickserv] -!- mode/nickserv [:+r] by NickServ
[P2PNET:nickserv] -NickServ- This nick is owned by someone else.  Please choose another.
[P2PNET:nickserv] -NickServ- (If this is your nick, type /msg NickServ IDENTIFY password.)
[P2PNET:nickserv] -NickServ- If you do not change within 1 minute, I will change your nick.
[P2PNET:nickserv] -NickServ- Password accepted - you are now recognized.
[P2PNET:nickserv] -!- mode/nickserv [:+r] by NickServ
